03.05.2017 16:36:39:213- Context: Fehler beim Holen des RmiLoginRO:
java.rmi.ConnectException: Connection refused to host: localhost; nested exception is: 
	java.net.ConnectException: Connection refused: connect
	at sun.rmi.transport.tcp.TCPEndpoint.newSocket(Unknown Source) ~[?:1.8.0_131]
	at sun.rmi.transport.tcp.TCPChannel.createConnection(Unknown Source) ~[?:1.8.0_131]
	at sun.rmi.transport.tcp.TCPChannel.newConnection(Unknown Source) ~[?:1.8.0_131]
	at sun.rmi.server.UnicastRef.newCall(Unknown Source) ~[?:1.8.0_131]
	at sun.rmi.registry.RegistryImpl_Stub.lookup(Unknown Source) ~[?:1.8.0_131]
	at java.rmi.Naming.lookup(Unknown Source) ~[?:1.8.0_131]
	at ch.hslu.informatik.moebelhandel.moebelhaus.gui.kasse.Context.getLoginService(Context.java:90) ~[classes/:?]
	at ch.hslu.informatik.moebelhandel.moebelhaus.gui.kasse.LoginViewController.anmelden(LoginViewController.java:64) ~[classes/:?]
	at sun.reflect.NativeMethodAccessorImpl.invoke0(Native Method) ~[?:1.8.0_131]
	at sun.reflect.NativeMethodAccessorImpl.invoke(Unknown Source) ~[?:1.8.0_131]
	at sun.reflect.DelegatingMethodAccessorImpl.invoke(Unknown Source) ~[?:1.8.0_131]
	at java.lang.reflect.Method.invoke(Unknown Source) ~[?:1.8.0_131]
	at sun.reflect.misc.Trampoline.invoke(Unknown Source) ~[?:1.8.0_131]
	at sun.reflect.GeneratedMethodAccessor1.invoke(Unknown Source) ~[?:?]
	at sun.reflect.DelegatingMethodAccessorImpl.invoke(Unknown Source) ~[?:1.8.0_131]
	at java.lang.reflect.Method.invoke(Unknown Source) ~[?:1.8.0_131]
	at sun.reflect.misc.MethodUtil.invoke(Unknown Source) ~[?:1.8.0_131]
	at javafx.fxml.FXMLLoader$MethodHandler.invoke(FXMLLoader.java:1769) ~[jfxrt.jar:?]
	at javafx.fxml.FXMLLoader$ControllerMethodEventHandler.handle(FXMLLoader.java:1657) ~[jfxrt.jar:?]
	at com.sun.javafx.event.CompositeEventHandler.dispatchBubblingEvent(CompositeEventHandler.java:86) ~[jfxrt.jar:?]
	at com.sun.javafx.event.EventHandlerManager.dispatchBubblingEvent(EventHandlerManager.java:238) ~[jfxrt.jar:?]
	at com.sun.javafx.event.EventHandlerManager.dispatchBubblingEvent(EventHandlerManager.java:191) ~[jfxrt.jar:?]
	at com.sun.javafx.event.CompositeEventDispatcher.dispatchBubblingEvent(CompositeEventDispatcher.java:59) ~[jfxrt.jar:?]
	at com.sun.javafx.event.BasicEventDispatcher.dispatchEvent(BasicEventDispatcher.java:58) ~[jfxrt.jar:?]
	at com.sun.javafx.event.EventDispatchChainImpl.dispatchEvent(EventDispatchChainImpl.java:114) ~[jfxrt.jar:?]
	at com.sun.javafx.event.BasicEventDispatcher.dispatchEvent(BasicEventDispatcher.java:56) ~[jfxrt.jar:?]
	at com.sun.javafx.event.EventDispatchChainImpl.dispatchEvent(EventDispatchChainImpl.java:114) ~[jfxrt.jar:?]
	at com.sun.javafx.event.BasicEventDispatcher.dispatchEvent(BasicEventDispatcher.java:56) ~[jfxrt.jar:?]
	at com.sun.javafx.event.EventDispatchChainImpl.dispatchEvent(EventDispatchChainImpl.java:114) ~[jfxrt.jar:?]
	at com.sun.javafx.event.EventUtil.fireEventImpl(EventUtil.java:74) ~[jfxrt.jar:?]
	at com.sun.javafx.event.EventUtil.fireEvent(EventUtil.java:49) ~[jfxrt.jar:?]
	at javafx.event.Event.fireEvent(Event.java:198) ~[jfxrt.jar:?]
	at javafx.scene.Node.fireEvent(Node.java:8413) ~[jfxrt.jar:?]
	at javafx.scene.control.Button.fire(Button.java:185) ~[jfxrt.jar:?]
	at com.sun.javafx.scene.control.skin.ButtonSkin.lambda$new$280(ButtonSkin.java:102) ~[jfxrt.jar:?]
	at com.sun.javafx.scene.KeyboardShortcutsHandler.processAccelerators(KeyboardShortcutsHandler.java:347) ~[jfxrt.jar:?]
	at com.sun.javafx.scene.KeyboardShortcutsHandler.dispatchBubblingEvent(KeyboardShortcutsHandler.java:163) ~[jfxrt.jar:?]
	at com.sun.javafx.event.CompositeEventDispatcher.dispatchBubblingEvent(CompositeEventDispatcher.java:59) ~[jfxrt.jar:?]
	at com.sun.javafx.event.BasicEventDispatcher.dispatchEvent(BasicEventDispatcher.java:58) ~[jfxrt.jar:?]
	at com.sun.javafx.event.EventDispatchChainImpl.dispatchEvent(EventDispatchChainImpl.java:114) ~[jfxrt.jar:?]
	at com.sun.javafx.event.BasicEventDispatcher.dispatchEvent(BasicEventDispatcher.java:56) ~[jfxrt.jar:?]
	at com.sun.javafx.event.EventDispatchChainImpl.dispatchEvent(EventDispatchChainImpl.java:114) ~[jfxrt.jar:?]
	at com.sun.javafx.event.EventUtil.fireEventImpl(EventUtil.java:74) ~[jfxrt.jar:?]
	at com.sun.javafx.event.EventUtil.fireEvent(EventUtil.java:49) ~[jfxrt.jar:?]
	at javafx.event.Event.fireEvent(Event.java:198) ~[jfxrt.jar:?]
	at javafx.scene.Node.fireEvent(Node.java:8413) ~[jfxrt.jar:?]
	at com.sun.javafx.scene.control.behavior.TextInputControlBehavior.forwardToParent(TextInputControlBehavior.java:432) ~[jfxrt.jar:?]
	at com.sun.javafx.scene.control.behavior.TextFieldBehavior.fire(TextFieldBehavior.java:183) ~[jfxrt.jar:?]
	at com.sun.javafx.scene.control.behavior.TextInputControlBehavior.callAction(TextInputControlBehavior.java:178) ~[jfxrt.jar:?]
	at com.sun.javafx.scene.control.behavior.BehaviorBase.callActionForEvent(BehaviorBase.java:218) ~[jfxrt.jar:?]
	at com.sun.javafx.scene.control.behavior.TextInputControlBehavior.callActionForEvent(TextInputControlBehavior.java:127) ~[jfxrt.jar:?]
	at com.sun.javafx.scene.control.behavior.BehaviorBase.lambda$new$74(BehaviorBase.java:135) ~[jfxrt.jar:?]
	at com.sun.javafx.event.CompositeEventHandler$NormalEventHandlerRecord.handleBubblingEvent(CompositeEventHandler.java:218) ~[jfxrt.jar:?]
	at com.sun.javafx.event.CompositeEventHandler.dispatchBubblingEvent(CompositeEventHandler.java:80) ~[jfxrt.jar:?]
	at com.sun.javafx.event.EventHandlerManager.dispatchBubblingEvent(EventHandlerManager.java:238) ~[jfxrt.jar:?]
	at com.sun.javafx.event.EventHandlerManager.dispatchBubblingEvent(EventHandlerManager.java:191) ~[jfxrt.jar:?]
	at com.sun.javafx.event.CompositeEventDispatcher.dispatchBubblingEvent(CompositeEventDispatcher.java:59) ~[jfxrt.jar:?]
	at com.sun.javafx.event.BasicEventDispatcher.dispatchEvent(BasicEventDispatcher.java:58) ~[jfxrt.jar:?]
	at com.sun.javafx.event.EventDispatchChainImpl.dispatchEvent(EventDispatchChainImpl.java:114) ~[jfxrt.jar:?]
	at com.sun.javafx.event.BasicEventDispatcher.dispatchEvent(BasicEventDispatcher.java:56) ~[jfxrt.jar:?]
	at com.sun.javafx.event.EventDispatchChainImpl.dispatchEvent(EventDispatchChainImpl.java:114) ~[jfxrt.jar:?]
	at com.sun.javafx.event.BasicEventDispatcher.dispatchEvent(BasicEventDispatcher.java:56) ~[jfxrt.jar:?]
	at com.sun.javafx.event.EventDispatchChainImpl.dispatchEvent(EventDispatchChainImpl.java:114) ~[jfxrt.jar:?]
	at com.sun.javafx.event.EventUtil.fireEventImpl(EventUtil.java:74) ~[jfxrt.jar:?]
	at com.sun.javafx.event.EventUtil.fireEvent(EventUtil.java:54) ~[jfxrt.jar:?]
	at javafx.event.Event.fireEvent(Event.java:198) ~[jfxrt.jar:?]
	at javafx.scene.Scene$KeyHandler.process(Scene.java:3964) ~[jfxrt.jar:?]
	at javafx.scene.Scene$KeyHandler.access$1800(Scene.java:3910) ~[jfxrt.jar:?]
	at javafx.scene.Scene.impl_processKeyEvent(Scene.java:2040) ~[jfxrt.jar:?]
	at javafx.scene.Scene$ScenePeerListener.keyEvent(Scene.java:2501) ~[jfxrt.jar:?]
	at com.sun.javafx.tk.quantum.GlassViewEventHandler$KeyEventNotification.run(GlassViewEventHandler.java:217) ~[jfxrt.jar:?]
	at com.sun.javafx.tk.quantum.GlassViewEventHandler$KeyEventNotification.run(GlassViewEventHandler.java:149) ~[jfxrt.jar:?]
	at java.security.AccessController.doPrivileged(Native Method) ~[?:1.8.0_131]
	at com.sun.javafx.tk.quantum.GlassViewEventHandler.lambda$handleKeyEvent$353(GlassViewEventHandler.java:248) ~[jfxrt.jar:?]
	at com.sun.javafx.tk.quantum.QuantumToolkit.runWithoutRenderLock(QuantumToolkit.java:389) ~[jfxrt.jar:?]
	at com.sun.javafx.tk.quantum.GlassViewEventHandler.handleKeyEvent(GlassViewEventHandler.java:247) ~[jfxrt.jar:?]
	at com.sun.glass.ui.View.handleKeyEvent(View.java:546) ~[jfxrt.jar:?]
	at com.sun.glass.ui.View.notifyKey(View.java:966) ~[jfxrt.jar:?]
	at com.sun.glass.ui.win.WinApplication._runLoop(Native Method) ~[jfxrt.jar:?]
	at com.sun.glass.ui.win.WinApplication.lambda$null$148(WinApplication.java:191) ~[jfxrt.jar:?]
	at java.lang.Thread.run(Unknown Source) [?:1.8.0_131]
Caused by: java.net.ConnectException: Connection refused: connect
	at java.net.DualStackPlainSocketImpl.connect0(Native Method) ~[?:1.8.0_131]
	at java.net.DualStackPlainSocketImpl.socketConnect(Unknown Source) ~[?:1.8.0_131]
	at java.net.AbstractPlainSocketImpl.doConnect(Unknown Source) ~[?:1.8.0_131]
	at java.net.AbstractPlainSocketImpl.connectToAddress(Unknown Source) ~[?:1.8.0_131]
	at java.net.AbstractPlainSocketImpl.connect(Unknown Source) ~[?:1.8.0_131]
	at java.net.PlainSocketImpl.connect(Unknown Source) ~[?:1.8.0_131]
	at java.net.SocksSocketImpl.connect(Unknown Source) ~[?:1.8.0_131]
	at java.net.Socket.connect(Unknown Source) ~[?:1.8.0_131]
	at java.net.Socket.connect(Unknown Source) ~[?:1.8.0_131]
	at java.net.Socket.<init>(Unknown Source) ~[?:1.8.0_131]
	at java.net.Socket.<init>(Unknown Source) ~[?:1.8.0_131]
	at sun.rmi.transport.proxy.RMIDirectSocketFactory.createSocket(Unknown Source) ~[?:1.8.0_131]
	at sun.rmi.transport.proxy.RMIMasterSocketFactory.createSocket(Unknown Source) ~[?:1.8.0_131]
	... 81 more
03.05.2017 16:36:39:263- LoginViewController: Fehler beim Holen des RmiLoginRO:
java.lang.RuntimeException: Fehler beim Holen des RmiLoginRO:
	at ch.hslu.informatik.moebelhandel.moebelhaus.gui.kasse.Context.getLoginService(Context.java:108) ~[classes/:?]
	at ch.hslu.informatik.moebelhandel.moebelhaus.gui.kasse.LoginViewController.anmelden(LoginViewController.java:64) ~[classes/:?]
	at sun.reflect.NativeMethodAccessorImpl.invoke0(Native Method) ~[?:1.8.0_131]
	at sun.reflect.NativeMethodAccessorImpl.invoke(Unknown Source) ~[?:1.8.0_131]
	at sun.reflect.DelegatingMethodAccessorImpl.invoke(Unknown Source) ~[?:1.8.0_131]
	at java.lang.reflect.Method.invoke(Unknown Source) ~[?:1.8.0_131]
	at sun.reflect.misc.Trampoline.invoke(Unknown Source) ~[?:1.8.0_131]
	at sun.reflect.GeneratedMethodAccessor1.invoke(Unknown Source) ~[?:?]
	at sun.reflect.DelegatingMethodAccessorImpl.invoke(Unknown Source) ~[?:1.8.0_131]
	at java.lang.reflect.Method.invoke(Unknown Source) ~[?:1.8.0_131]
	at sun.reflect.misc.MethodUtil.invoke(Unknown Source) ~[?:1.8.0_131]
	at javafx.fxml.FXMLLoader$MethodHandler.invoke(FXMLLoader.java:1769) ~[jfxrt.jar:?]
	at javafx.fxml.FXMLLoader$ControllerMethodEventHandler.handle(FXMLLoader.java:1657) ~[jfxrt.jar:?]
	at com.sun.javafx.event.CompositeEventHandler.dispatchBubblingEvent(CompositeEventHandler.java:86) ~[jfxrt.jar:?]
	at com.sun.javafx.event.EventHandlerManager.dispatchBubblingEvent(EventHandlerManager.java:238) ~[jfxrt.jar:?]
	at com.sun.javafx.event.EventHandlerManager.dispatchBubblingEvent(EventHandlerManager.java:191) ~[jfxrt.jar:?]
	at com.sun.javafx.event.CompositeEventDispatcher.dispatchBubblingEvent(CompositeEventDispatcher.java:59) ~[jfxrt.jar:?]
	at com.sun.javafx.event.BasicEventDispatcher.dispatchEvent(BasicEventDispatcher.java:58) ~[jfxrt.jar:?]
	at com.sun.javafx.event.EventDispatchChainImpl.dispatchEvent(EventDispatchChainImpl.java:114) ~[jfxrt.jar:?]
	at com.sun.javafx.event.BasicEventDispatcher.dispatchEvent(BasicEventDispatcher.java:56) ~[jfxrt.jar:?]
	at com.sun.javafx.event.EventDispatchChainImpl.dispatchEvent(EventDispatchChainImpl.java:114) ~[jfxrt.jar:?]
	at com.sun.javafx.event.BasicEventDispatcher.dispatchEvent(BasicEventDispatcher.java:56) ~[jfxrt.jar:?]
	at com.sun.javafx.event.EventDispatchChainImpl.dispatchEvent(EventDispatchChainImpl.java:114) ~[jfxrt.jar:?]
	at com.sun.javafx.event.EventUtil.fireEventImpl(EventUtil.java:74) ~[jfxrt.jar:?]
	at com.sun.javafx.event.EventUtil.fireEvent(EventUtil.java:49) ~[jfxrt.jar:?]
	at javafx.event.Event.fireEvent(Event.java:198) ~[jfxrt.jar:?]
	at javafx.scene.Node.fireEvent(Node.java:8413) ~[jfxrt.jar:?]
	at javafx.scene.control.Button.fire(Button.java:185) ~[jfxrt.jar:?]
	at com.sun.javafx.scene.control.skin.ButtonSkin.lambda$new$280(ButtonSkin.java:102) ~[jfxrt.jar:?]
	at com.sun.javafx.scene.KeyboardShortcutsHandler.processAccelerators(KeyboardShortcutsHandler.java:347) ~[jfxrt.jar:?]
	at com.sun.javafx.scene.KeyboardShortcutsHandler.dispatchBubblingEvent(KeyboardShortcutsHandler.java:163) ~[jfxrt.jar:?]
	at com.sun.javafx.event.CompositeEventDispatcher.dispatchBubblingEvent(CompositeEventDispatcher.java:59) ~[jfxrt.jar:?]
	at com.sun.javafx.event.BasicEventDispatcher.dispatchEvent(BasicEventDispatcher.java:58) ~[jfxrt.jar:?]
	at com.sun.javafx.event.EventDispatchChainImpl.dispatchEvent(EventDispatchChainImpl.java:114) ~[jfxrt.jar:?]
	at com.sun.javafx.event.BasicEventDispatcher.dispatchEvent(BasicEventDispatcher.java:56) ~[jfxrt.jar:?]
	at com.sun.javafx.event.EventDispatchChainImpl.dispatchEvent(EventDispatchChainImpl.java:114) ~[jfxrt.jar:?]
	at com.sun.javafx.event.EventUtil.fireEventImpl(EventUtil.java:74) ~[jfxrt.jar:?]
	at com.sun.javafx.event.EventUtil.fireEvent(EventUtil.java:49) ~[jfxrt.jar:?]
	at javafx.event.Event.fireEvent(Event.java:198) ~[jfxrt.jar:?]
	at javafx.scene.Node.fireEvent(Node.java:8413) ~[jfxrt.jar:?]
	at com.sun.javafx.scene.control.behavior.TextInputControlBehavior.forwardToParent(TextInputControlBehavior.java:432) ~[jfxrt.jar:?]
	at com.sun.javafx.scene.control.behavior.TextFieldBehavior.fire(TextFieldBehavior.java:183) ~[jfxrt.jar:?]
	at com.sun.javafx.scene.control.behavior.TextInputControlBehavior.callAction(TextInputControlBehavior.java:178) ~[jfxrt.jar:?]
	at com.sun.javafx.scene.control.behavior.BehaviorBase.callActionForEvent(BehaviorBase.java:218) ~[jfxrt.jar:?]
	at com.sun.javafx.scene.control.behavior.TextInputControlBehavior.callActionForEvent(TextInputControlBehavior.java:127) ~[jfxrt.jar:?]
	at com.sun.javafx.scene.control.behavior.BehaviorBase.lambda$new$74(BehaviorBase.java:135) ~[jfxrt.jar:?]
	at com.sun.javafx.event.CompositeEventHandler$NormalEventHandlerRecord.handleBubblingEvent(CompositeEventHandler.java:218) ~[jfxrt.jar:?]
	at com.sun.javafx.event.CompositeEventHandler.dispatchBubblingEvent(CompositeEventHandler.java:80) ~[jfxrt.jar:?]
	at com.sun.javafx.event.EventHandlerManager.dispatchBubblingEvent(EventHandlerManager.java:238) ~[jfxrt.jar:?]
	at com.sun.javafx.event.EventHandlerManager.dispatchBubblingEvent(EventHandlerManager.java:191) ~[jfxrt.jar:?]
	at com.sun.javafx.event.CompositeEventDispatcher.dispatchBubblingEvent(CompositeEventDispatcher.java:59) ~[jfxrt.jar:?]
	at com.sun.javafx.event.BasicEventDispatcher.dispatchEvent(BasicEventDispatcher.java:58) ~[jfxrt.jar:?]
	at com.sun.javafx.event.EventDispatchChainImpl.dispatchEvent(EventDispatchChainImpl.java:114) ~[jfxrt.jar:?]
	at com.sun.javafx.event.BasicEventDispatcher.dispatchEvent(BasicEventDispatcher.java:56) ~[jfxrt.jar:?]
	at com.sun.javafx.event.EventDispatchChainImpl.dispatchEvent(EventDispatchChainImpl.java:114) ~[jfxrt.jar:?]
	at com.sun.javafx.event.BasicEventDispatcher.dispatchEvent(BasicEventDispatcher.java:56) ~[jfxrt.jar:?]
	at com.sun.javafx.event.EventDispatchChainImpl.dispatchEvent(EventDispatchChainImpl.java:114) ~[jfxrt.jar:?]
	at com.sun.javafx.event.EventUtil.fireEventImpl(EventUtil.java:74) ~[jfxrt.jar:?]
	at com.sun.javafx.event.EventUtil.fireEvent(EventUtil.java:54) ~[jfxrt.jar:?]
	at javafx.event.Event.fireEvent(Event.java:198) ~[jfxrt.jar:?]
	at javafx.scene.Scene$KeyHandler.process(Scene.java:3964) ~[jfxrt.jar:?]
	at javafx.scene.Scene$KeyHandler.access$1800(Scene.java:3910) ~[jfxrt.jar:?]
	at javafx.scene.Scene.impl_processKeyEvent(Scene.java:2040) ~[jfxrt.jar:?]
	at javafx.scene.Scene$ScenePeerListener.keyEvent(Scene.java:2501) ~[jfxrt.jar:?]
	at com.sun.javafx.tk.quantum.GlassViewEventHandler$KeyEventNotification.run(GlassViewEventHandler.java:217) ~[jfxrt.jar:?]
	at com.sun.javafx.tk.quantum.GlassViewEventHandler$KeyEventNotification.run(GlassViewEventHandler.java:149) ~[jfxrt.jar:?]
	at java.security.AccessController.doPrivileged(Native Method) ~[?:1.8.0_131]
	at com.sun.javafx.tk.quantum.GlassViewEventHandler.lambda$handleKeyEvent$353(GlassViewEventHandler.java:248) ~[jfxrt.jar:?]
	at com.sun.javafx.tk.quantum.QuantumToolkit.runWithoutRenderLock(QuantumToolkit.java:389) ~[jfxrt.jar:?]
	at com.sun.javafx.tk.quantum.GlassViewEventHandler.handleKeyEvent(GlassViewEventHandler.java:247) ~[jfxrt.jar:?]
	at com.sun.glass.ui.View.handleKeyEvent(View.java:546) ~[jfxrt.jar:?]
	at com.sun.glass.ui.View.notifyKey(View.java:966) ~[jfxrt.jar:?]
	at com.sun.glass.ui.win.WinApplication._runLoop(Native Method) ~[jfxrt.jar:?]
	at com.sun.glass.ui.win.WinApplication.lambda$null$148(WinApplication.java:191) ~[jfxrt.jar:?]
	at java.lang.Thread.run(Unknown Source) [?:1.8.0_131]
