03.05.2017 15:40:46:785- RmiServer: Remote Object 'LOGIN_SERVICE_RO' bound!
03.05.2017 15:40:46:793- RmiServer: Remote Object 'BENUTZER_SERVICE_RO' bound!
03.05.2017 15:40:46:806- RmiServer: Remote Object 'FILIALE_LAGER_SERVICE_RO' bound!
03.05.2017 15:40:46:814- RmiServer: Remote Object 'KASSE_SERVICE_RO' bound!
03.05.2017 15:41:28:761- RmiServer: Remote Object 'LOGIN_SERVICE_RO' unbound!
03.05.2017 15:41:28:762- RmiServer: Remote Object 'BENUTZER_SERVICE_RO' unbound!
03.05.2017 15:41:28:762- RmiServer: Remote Object 'FILIALE_LAGER_SERVICE_RO' unbound!
03.05.2017 15:41:28:762- RmiServer: Remote Object 'KASSE_SERVICE_RO' unbound!
03.05.2017 15:44:17:133- RmiServer: Remote Object 'LOGIN_SERVICE_RO' bound!
03.05.2017 15:44:17:139- RmiServer: Remote Object 'BENUTZER_SERVICE_RO' bound!
03.05.2017 15:44:17:150- RmiServer: Remote Object 'FILIALE_LAGER_SERVICE_RO' bound!
03.05.2017 15:44:17:156- RmiServer: Remote Object 'KASSE_SERVICE_RO' bound!
03.05.2017 15:48:14:181- RmiServer: Remote Object 'LOGIN_SERVICE_RO' unbound!
03.05.2017 15:48:14:182- RmiServer: Remote Object 'BENUTZER_SERVICE_RO' unbound!
03.05.2017 15:48:14:182- RmiServer: Remote Object 'FILIALE_LAGER_SERVICE_RO' unbound!
03.05.2017 15:48:14:182- RmiServer: Remote Object 'KASSE_SERVICE_RO' unbound!
03.05.2017 15:48:30:592- RmiServer: Remote Object 'LOGIN_SERVICE_RO' bound!
03.05.2017 15:48:30:598- RmiServer: Remote Object 'BENUTZER_SERVICE_RO' bound!
03.05.2017 15:48:30:608- RmiServer: Remote Object 'FILIALE_LAGER_SERVICE_RO' bound!
03.05.2017 15:48:30:612- RmiServer: Remote Object 'KASSE_SERVICE_RO' bound!
03.05.2017 15:53:34:600- RmiServer: Remote Object 'LOGIN_SERVICE_RO' bound!
03.05.2017 15:53:34:607- RmiServer: Remote Object 'BENUTZER_SERVICE_RO' bound!
03.05.2017 15:53:34:620- RmiServer: Remote Object 'FILIALE_LAGER_SERVICE_RO' bound!
03.05.2017 15:53:34:627- RmiServer: Remote Object 'KASSE_SERVICE_RO' bound!
03.05.2017 15:54:39:046- KasseManager: Produkt mit ProduktCode=1493819163928 wurde Verkauft
03.05.2017 16:36:50:229- RmiServer: Remote Object 'LOGIN_SERVICE_RO' bound!
03.05.2017 16:36:50:235- RmiServer: Remote Object 'BENUTZER_SERVICE_RO' bound!
03.05.2017 16:36:50:246- RmiServer: Remote Object 'FILIALE_LAGER_SERVICE_RO' bound!
03.05.2017 16:36:50:256- RmiServer: Remote Object 'KASSE_SERVICE_RO' bound!
07.05.2017 22:02:25:159- RmiServer: Remote Object 'LOGIN_SERVICE_RO' bound!
07.05.2017 22:02:25:169- RmiServer: Remote Object 'BENUTZER_SERVICE_RO' bound!
07.05.2017 22:02:25:181- RmiServer: Remote Object 'FILIALE_LAGER_SERVICE_RO' bound!
07.05.2017 22:02:25:191- RmiServer: Remote Object 'KASSE_SERVICE_RO' bound!
08.05.2017 16:04:20:563- RmiServer: Remote Object 'LOGIN_SERVICE_RO' bound!
08.05.2017 16:04:20:576- RmiServer: Remote Object 'BENUTZER_SERVICE_RO' bound!
08.05.2017 16:04:20:634- RmiServer: Remote Object 'FILIALE_LAGER_SERVICE_RO' bound!
08.05.2017 16:04:20:641- RmiServer: Remote Object 'KASSE_SERVICE_RO' bound!
08.05.2017 16:04:50:770- RmiServer: Remote Object 'LOGIN_SERVICE_RO' unbound!
08.05.2017 16:04:50:770- RmiServer: Remote Object 'BENUTZER_SERVICE_RO' unbound!
08.05.2017 16:04:50:771- RmiServer: Remote Object 'FILIALE_LAGER_SERVICE_RO' unbound!
08.05.2017 16:04:50:771- RmiServer: Remote Object 'KASSE_SERVICE_RO' unbound!
15.05.2017 16:09:48:056- RmiServer: Remote Object 'LOGIN_SERVICE_RO' bound!
15.05.2017 16:09:48:078- RmiServer: Remote Object 'BENUTZER_SERVICE_RO' bound!
15.05.2017 16:09:48:096- RmiServer: Remote Object 'FILIALE_LAGER_SERVICE_RO' bound!
15.05.2017 16:09:48:103- RmiServer: Remote Object 'KASSE_SERVICE_RO' bound!
15.05.2017 16:13:35:184- RmiServer: Remote Object 'LOGIN_SERVICE_RO' unbound!
15.05.2017 16:13:35:185- RmiServer: Remote Object 'BENUTZER_SERVICE_RO' unbound!
15.05.2017 16:13:35:185- RmiServer: Remote Object 'FILIALE_LAGER_SERVICE_RO' unbound!
15.05.2017 16:13:35:185- RmiServer: Remote Object 'KASSE_SERVICE_RO' unbound!
15.05.2017 16:13:45:368- RmiServer: Remote Object 'LOGIN_SERVICE_RO' bound!
15.05.2017 16:13:45:374- RmiServer: Remote Object 'BENUTZER_SERVICE_RO' bound!
15.05.2017 16:13:45:385- RmiServer: Remote Object 'FILIALE_LAGER_SERVICE_RO' bound!
15.05.2017 16:13:45:390- RmiServer: Remote Object 'KASSE_SERVICE_RO' bound!
15.05.2017 16:14:06:421- RmiServer: Remote Object 'LOGIN_SERVICE_RO' unbound!
15.05.2017 16:14:06:422- RmiServer: Remote Object 'BENUTZER_SERVICE_RO' unbound!
15.05.2017 16:14:06:422- RmiServer: Remote Object 'FILIALE_LAGER_SERVICE_RO' unbound!
15.05.2017 16:14:06:422- RmiServer: Remote Object 'KASSE_SERVICE_RO' unbound!
15.05.2017 16:20:02:080- RmiServer: Remote Object 'LOGIN_SERVICE_RO' bound!
15.05.2017 16:20:02:085- RmiServer: Remote Object 'BENUTZER_SERVICE_RO' bound!
15.05.2017 16:20:02:096- RmiServer: Remote Object 'FILIALE_LAGER_SERVICE_RO' bound!
15.05.2017 16:20:02:103- RmiServer: Remote Object 'KASSE_SERVICE_RO' bound!
15.05.2017 16:21:18:166- RmiServer: Remote Object 'LOGIN_SERVICE_RO' unbound!
15.05.2017 16:21:18:166- RmiServer: Remote Object 'BENUTZER_SERVICE_RO' unbound!
15.05.2017 16:21:18:166- RmiServer: Remote Object 'FILIALE_LAGER_SERVICE_RO' unbound!
15.05.2017 16:21:18:166- RmiServer: Remote Object 'KASSE_SERVICE_RO' unbound!
